<?xml version="1.0" encoding="UTF-8"?>
<testsuite xmlns:xsi="http://www.w3.org/2001/XMLSchema-instance" xsi:noNamespaceSchemaLocation="https://maven.apache.org/surefire/maven-surefire-plugin/xsd/surefire-test-report.xsd" name="RadioTest" time="0.168" tests="16" errors="0" skipped="0" failures="0">
  <properties>
[...]
</properties>
  <testcase name="shouldNextStation1" classname="RadioTest" time="0.048"/>
  <testcase name="shouldSetStationUnderMinStation" classname="RadioTest" time="0"/>
  <testcase name="shouldIncreaseVolume" classname="RadioTest" time="0"/>
  <testcase name="shouldSetStationOverMaxStation" classname="RadioTest" time="0"/>
  <testcase name="shouldNextStation" classname="RadioTest" time="0"/>
  <testcase name="shouldChangeStation" classname="RadioTest" time="0"/>
  <testcase name="shouldDecreaseVolume" classname="RadioTest" time="0"/>
  <testcase name="shouldBehindMinVolume" classname="RadioTest" time="0"/>
  <testcase name="shouldBelowMinStation" classname="RadioTest" time="0"/>
  <testcase name="shouldOverMaxStation" classname="RadioTest" time="0"/>
  <testcase name="shouldNextMaxStation" classname="RadioTest" time="0.002"/>
  <testcase name="shouldBehindMinStation1" classname="RadioTest" time="0"/>
  <testcase name="shouldPrevStation" classname="RadioTest" time="0.002"/>
  <testcase name="shouldChangeVolume" classname="RadioTest" time="0.001"/>
  <testcase name="shouldOverMaxStation1" classname="RadioTest" time="0.001"/>
  <testcase name="shouldOverMaxVolume" classname="RadioTest" time="0.001"/>
</testsuite>